2013/10/14 08:33:28 [error] [php] mkdir() [<a href='function.mkdir'>function.mkdir</a>]: File exists (D:\wamp\www\yii-1.1.14\framework\utils\CFileHelper.php:307)
Stack trace:
#0 D:\wamp\www\yii-1.1.14\framework\web\CAssetManager.php(251): copyDirectory()
#1 D:\wamp\www\yii-1.1.14\framework\zii\widgets\CListView.php(217): CAssetManager->publish()
#2 D:\wamp\www\yii-1.1.14\framework\web\CBaseController.php(147): CListView->init()
#3 D:\wamp\www\yii-1.1.14\framework\web\CBaseController.php(172): PostController->createWidget()
#4 D:\wamp\www\yii-1.1.14\demos\blog\protected\views\post\index.php(9): PostController->widget()
#5 D:\wamp\www\yii-1.1.14\framework\web\CBaseController.php(126): require()
#6 D:\wamp\www\yii-1.1.14\framework\web\CBaseController.php(95): PostController->renderInternal()
#7 D:\wamp\www\yii-1.1.14\framework\web\CController.php(869): PostController->renderFile()
#8 D:\wamp\www\yii-1.1.14\framework\web\CController.php(782): PostController->renderPartial()
#9 D:\wamp\www\yii-1.1.14\demos\blog\protected\controllers\PostController.php(136): PostController->render()
#10 D:\wamp\www\yii-1.1.14\framework\web\actions\CInlineAction.php(49): PostController->actionIndex()
#11 D:\wamp\www\yii-1.1.14\framework\web\CController.php(308): CInlineAction->runWithParams()
#12 D:\wamp\www\yii-1.1.14\framework\web\filters\CFilterChain.php(133): PostController->runAction()
#13 D:\wamp\www\yii-1.1.14\framework\web\filters\CFilter.php(40): CFilterChain->run()
#14 D:\wamp\www\yii-1.1.14\framework\web\CController.php(1145): CAccessControlFilter->filter()
#15 D:\wamp\www\yii-1.1.14\framework\web\filters\CInlineFilter.php(58): PostController->filterAccessControl()
#16 D:\wamp\www\yii-1.1.14\framework\web\filters\CFilterChain.php(130): CInlineFilter->filter()
#17 D:\wamp\www\yii-1.1.14\framework\web\CController.php(291): CFilterChain->run()
#18 D:\wamp\www\yii-1.1.14\framework\web\CController.php(265): PostController->runActionWithFilters()
#19 D:\wamp\www\yii-1.1.14\framework\web\CWebApplication.php(282): PostController->run()
#20 D:\wamp\www\yii-1.1.14\framework\web\CWebApplication.php(141): CWebApplication->runController()
#21 D:\wamp\www\yii-1.1.14\framework\base\CApplication.php(180): CWebApplication->processRequest()
#22 D:\wamp\www\yii-1.1.14\demos\blog\index.php(11): CWebApplication->run()
REQUEST_URI=/yii-1.1.14/demos/blog/
